C51 COMPILER V8.08   MAIN                                                                  08/12/2020 15:50:48 PAGE 1   


C51 COMPILER V8.08, COMPILATION OF MODULE MAIN
OBJECT MODULE PLACED IN main.OBJ
COMPILER INVOKED BY: C:\Keil\C51\BIN\C51.EXE main.c BROWSE DEBUG OBJECTEXTEND

line level    source

   1          #include "DP80390CPU.H"
   2          #include "common.h"
   3          #include "register.h"
   4          #include "intrins.h"
   5          
   6          #define LED_ON()        PCREG &= ~0x08
   7          #define LED_OFF()       PCREG |= 0x08
   8          
   9          
  10          void delay_20us(unsigned char N);
  11          void MCU_Init();
  12          
  13          void main()
  14          {
  15   1              MCU_Init();
  16   1      
  17   1              while(1)
  18   1              {
  19   2                 WDCON |= 0x10;
  20   2                 BZ_CTRL|=0X20;
  21   2                        
  22   2              }       
  23   1      
  24   1      
  25   1      }
  26          
  27          void MCU_Init()
  28          {
  29   1              SYS_REG_MASK = 0xA5;
  30   1              SYS_REG1 = 0x58;         //打开看门狗使能，打开低压复位，打开高速振荡器
  31   1              SYS_REG3 = 0x10;         
  32   1      //      SYS_REG2 = 0xC2;         //高速时钟4分频，空闲模式              
  33   1      //      SYS_REG4 = 0x0c;         //PWM用高速时钟4分频
  34   1              SYS_REG2 = 0x03;         //高速时钟，空闲模式
  35   1              SYS_REG4 = 0x01;         //PWM用高速时钟
  36   1              LXT_START = 0X00;
  37   1      
  38   1              IE = 0x85;                                      //全局中断，int1(),int0()中断使能
  39   1              IP = 0x01;                                              //int0优先
  40   1              TCON = 0x05;                                    //int0,int1为沿触发     
  41   1                
  42   1              
  43   1      
  44   1              BANDGAP_TEMP = 0x05;
  45   1              LDO2_CTRL = 0X03;
  46   1      
  47   1              
  48   1      //      PADIR = 0x21;
  49   1      //      PAPU = 0X00;
  50   1      //      PAREG = 0x20;
  51   1      
  52   1      //      PCDIR = 0x08;    //红色led等pc3
  53   1      //      PCPU = 0XF7;
  54   1      //      PCREG = 0x08;
  55   1      //      ADPCR = 0X30;
C51 COMPILER V8.08   MAIN                                                                  08/12/2020 15:50:48 PAGE 2   

  56   1      
  57   1      
  58   1      
  59   1      //      PBDIR = 0x08;                   //pb1输出低电平
  60   1      //      PBPU = ~0x08;                   //pb1不上拉
  61   1      //      PBREG = 0x00;
  62   1      //      PWM_PERIOD0L = 0x98;            //pwm周期为3.4KHz   时钟４Ｍ
  63   1      //      PWM_PERIOD0H = 0x04;
  64   1      //      PWM_PERIOD0L = 0xe2;            //pwm周期为3.2KHz   时钟４Ｍ
  65   1      //      PWM_PERIOD0H = 0x04;                                                       
  66   1      //      DZ_CTRL = 0x05;                 //pwm0互补输出,全N模式
  67   1      //      PWM_CTRL = 0x40;                //pwm0装载，连续输出，初始电平为0  
  68   1      
  69   1      //      WAKEUP_EDGE_REG = 0x42;         //下降沿唤醒
  70   1      
  71   1              TBC = 0x00;
  72   1              BZ_CTRL = 0x18;
  73   1              PADIR = 0xC0;
  74   1              PAREG = 0xC0;
  75   1      //      PAPU = 0X00;
  76   1      //      PAREG = 0x20;
  77   1      //      TMR2C0=0X80;
  78   1      //      TMR2C1=0X00;
  79   1      //      TMR3C=0X40;
  80   1      //      TMR2=0X00;
  81   1      //      TMR3L = 0X00;
  82   1      //      TMR3H = 0X06;
  83   1      //      MISC = 0x03;
  84   1      //      TMR3C|=0X08;
  85   1      
  86   1      //      IRED_CTRL = 0x09;               //设置发射电流为125ｍA
  87   1      //      MISC = 0x40;                    //pb6复用IRED  
  88   1      
  89   1      /******************uart*********************/
  90   1      /*      MISC |= 0x80;   //复用uart口
  91   1              SCON =  0X40;   //方式1,溢出率／３２
  92   1              TTMOD2 = 0x00;  //使用timer1产生波特率，16位计数
  93   1              TMOD = 0x00;    //不分频，４Ｍ
  94   1              TH1 =  0X00;
  95   1              TL1 = 0X0c;             //104ｕｓ，9600ｂｐｓ
  96   1              TTCON = 0x2a;      */
  97   1      /*******************************************/
  98   1      
  99   1      
 100   1      //      OPA1C0 = 0x23;          //积分增益为８倍
 101   1      //      OPA1C1 = 0x0c;          //OPA1连接红外接收管
 102   1      //      OPA1MODE = 0x04;        //设置成开环    
 103   1      
 104   1      //      LVDC = 0x05;            //2.5V
 105   1              
 106   1      //      TBC = 0xa6;                //TBC开启2s定时
 107   1      //      TBC = 0x08;                //TBC0开启4s定时,TBC1关闭
 108   1      //      TBC = 0X40;
 109   1      //      TBC = 0x84;                //TBC开启0.5s定时
 110   1      //      INTML = 0xf7;      //TBC中断使能
 111   1      //      INTSEL0L = 0x08;   //TBC中断从int0进入  */ 
 112   1               
 113   1      //      TMR3C = 0X58;           //timer3使用低速时钟,并使能
 114   1      //      TMR3L = 0X00;
 115   1      //      TMR3H = 0X06;           //0.125ms*64000=8s
 116   1      //      INTML = 0XDF;
 117   1      //      INTSEL0L = 0X20;         
C51 COMPILER V8.08   MAIN                                                                  08/12/2020 15:50:48 PAGE 3   

 118   1      
 119   1              WDCNTM = 0x38;
 120   1              WDCNTH = 0x01;          //8K时钟，10s钟
 121   1              WDCON = 0x28;           //开启看门狗复位功能
 122   1              WDCON |= 0x10;  
 123   1      
 124   1              delay_20us(250);  
 125   1              
 126   1      }
 127          
 128          
 129          void delay_20us(unsigned char N)
 130          {
 131   1          unsigned char i;
 132   1          while(N--)     //6cycle
 133   1          {
 134   2              for(i=5;i>0;i--);
 135   2          }
 136   1      
 137   1      }
 138          


MODULE INFORMATION:   STATIC OVERLAYABLE
   CODE SIZE        =    123    ----
   CONSTANT SIZE    =   ----    ----
   XDATA SIZE       =   ----    ----
   PDATA SIZE       =   ----    ----
   DATA SIZE        =   ----    ----
   IDATA SIZE       =   ----    ----
   BIT SIZE         =   ----    ----
END OF MODULE INFORMATION.


C51 COMPILATION COMPLETE.  0 WARNING(S),  0 ERROR(S)
