C51 COMPILER V8.08   MAIN                                                                  08/12/2020 16:20:45 PAGE 1   


C51 COMPILER V8.08, COMPILATION OF MODULE MAIN
OBJECT MODULE PLACED IN main.OBJ
COMPILER INVOKED BY: C:\Keil\C51\BIN\C51.EXE main.c BROWSE DEBUG OBJECTEXTEND

line level    source

   1          #include "DP80390CPU.H"
   2          #include "common.h"
   3          #include "register.h"
   4          #include "intrins.h"
   5          
   6          
   7          #define LED_ON()        PCREG &= ~0x08
   8          #define LED_OFF()       PCREG |= 0x08
   9          
  10          
  11          void delay_20us(unsigned char N);
  12          void MCU_Init();
  13          
  14          void main()
  15          {
  16   1              MCU_Init();
  17   1      
  18   1      
  19   1              PCON |= 0X02;   //mcu_stop                      
  20   1              _nop_();
  21   1              _nop_();
  22   1              _nop_();
  23   1              _nop_(); 
  24   1              while(1)
  25   1              {
  26   2                      WDCON |= 0x10;
  27   2                      PWM_CTRL |= 0x02;
  28   2                                        
  29   2              }       
  30   1      
  31   1      
  32   1      }
  33          
  34          void MCU_Init()
  35          {
  36   1              SYS_REG_MASK = 0xA5;
  37   1              SYS_REG1 = 0x58;         //打开看门狗使能，打开低压复位，打开高速振荡器
  38   1              SYS_REG3 = 0x10;                
  39   1              SYS_REG2 = 0x03;         //高速时钟不分频，空闲模式
  40   1              SYS_REG4 = 0x01;         //PWM用高速时钟不分频
  41   1              LXT_START = 0X00;
  42   1      
  43   1              IE = 0x85;                                      //全局中断，int1(),int0()中断使能
  44   1              IP = 0x01;                                              //int0优先
  45   1              TCON = 0x05;                                    //int0,int1为沿触发     
  46   1                
  47   1              
  48   1      
  49   1              BANDGAP_TEMP = 0x05;
  50   1              LDO2_CTRL = 0X03;
  51   1      
  52   1              
  53   1              PADIR = 0x01;
  54   1              PAPU = 0XFe;
  55   1              PAREG = 0x00;
C51 COMPILER V8.08   MAIN                                                                  08/12/2020 16:20:45 PAGE 2   

  56   1      
  57   1              PCDIR = 0x08;    //红色led灯pc3
  58   1              PCPU = 0XF7;
  59   1              PCREG = 0x08;
  60   1              ADPCR = 0X30;
  61   1      
  62   1              PBDIR = 0x08;                   //pb3输出低电平
  63   1              PBPU = ~0x08;                   //pb3不上拉
  64   1              PBREG = 0x00;
  65   1      
  66   1      
  67   1              PWM_PERIOD1L = 0x28;            //pwm1周期为100KHz   时钟4M
  68   1              PWM_PERIOD1H = 0x00;
  69   1              PWM_PULSE1L = 0x14;
  70   1              PWM_PULSE1H = 0x00;                                                                
  71   1              DZ_CTRL = 0x0a;                 //pwm1互补输出,全N模式
  72   1              PWM_CTRL = 0x80;                //pwm1装载，连续输出，初始电平为0  
  73   1      
  74   1      //      WAKE_EN = 0x42;
  75   1              WAKEUP_EDGE_REG = 0x42;         //下降沿唤醒
  76   1      
  77   1      
  78   1              IRED_CTRL = 0x09;               //设置发射电流
  79   1              MISC = 0x40;                    //pb6复用IRED  
  80   1      
  81   1      /******************uart*********************/
  82   1      /*      MISC |= 0x80;   //复用uart口
  83   1              SCON =  0X40;   //方式1,溢出率／３２
  84   1              TTMOD2 = 0x00;  //使用timer1产生波特率，16位计数
  85   1              TMOD = 0x00;    //不分频，４Ｍ
  86   1              TH1 =  0X00;
  87   1              TL1 = 0X0c;             //104ｕｓ，9600ｂｐｓ
  88   1              TTCON = 0x2a;      */
  89   1      /*******************************************/
  90   1      
  91   1      
  92   1              OPA1C0 = 0x23;          //积分增益为８倍
  93   1              OPA1C1 = 0x0c;          //OPA1连接红外接收管
  94   1              OPA1MODE = 0x04;        //设置成开环    
  95   1      
  96   1              LVDC = 0x05;            //2.5V
  97   1              
  98   1      //      TBC = 0xa6;                //TBC开启2s定时
  99   1      //      TBC = 0x08;                //TBC0开启4s定时,TBC1关闭
 100   1      //      TBC = 0X40;
 101   1      //      TBC = 0x84;                //TBC开启0.5s定时
 102   1      //      INTML = 0xf7;      //TBC中断使能
 103   1      //      INTSEL0L = 0x08;   //TBC中断从int0进入  */ 
 104   1               
 105   1              TMR3C = 0X58;           //timer3使用低速时钟,并使能
 106   1              TMR3L = 0X00;
 107   1              TMR3H = 0X06;           //0.125ms*64000=8s
 108   1      //      INTML = 0XDF;           //TIMER23中断开启
 109   1              INTMH = 0X0E;           //看门狗中断开启
 110   1              INTSEL0L = 0X20;        //TIMER23中断选择int0输出 
 111   1      
 112   1              WDCNTM = 0x38;
 113   1              WDCNTH = 0x01;          //8K时钟，10s钟
 114   1              WDCON = 0x24;           //开启看门狗中断功能
 115   1              WDCON |= 0x10;  
 116   1      
 117   1              delay_20us(250);   
C51 COMPILER V8.08   MAIN                                                                  08/12/2020 16:20:45 PAGE 3   

 118   1              
 119   1      }
 120          
 121          
 122          
 123          void delay_20us(unsigned char N)
 124          {
 125   1          unsigned char i;
 126   1          while(N--)     //6cycle
 127   1          {
 128   2              for(i=5;i>0;i--);
 129   2          }
 130   1      
 131   1      }
 132          
 133          void isr1()     using 1    interrupt 2            
 134          {
 135   1              WDCON &= 0x7F;
 136   1      }
 137          


MODULE INFORMATION:   STATIC OVERLAYABLE
   CODE SIZE        =    245    ----
   CONSTANT SIZE    =   ----    ----
   XDATA SIZE       =   ----    ----
   PDATA SIZE       =   ----    ----
   DATA SIZE        =   ----    ----
   IDATA SIZE       =   ----    ----
   BIT SIZE         =   ----    ----
END OF MODULE INFORMATION.


C51 COMPILATION COMPLETE.  0 WARNING(S),  0 ERROR(S)
