C51 COMPILER V8.08   MAIN                                                                  08/11/2020 16:17:09 PAGE 1   


C51 COMPILER V8.08, COMPILATION OF MODULE MAIN
OBJECT MODULE PLACED IN main.OBJ
COMPILER INVOKED BY: C:\Keil\C51\BIN\C51.EXE main.c BROWSE DEBUG OBJECTEXTEND

line level    source

   1          #include "DP80390CPU.H"
   2          #include "common.h"
   3          #include "register.h"
   4          #include "intrins.h"
   5          
   6          
   7          
   8          #define LED_ON()        PCREG &= ~0x08
   9          #define LED_OFF()       PCREG |= 0x08
  10          
  11          
  12          void delay_20us(unsigned char N);
  13          void MCU_Init();
  14          
  15          
  16          void main()
  17          {
  18   1              MCU_Init();
  19   1      
  20   1              while(1)
  21   1              {
  22   2              
  23   2              PCON |= 0x02;            //mcu_stop                     
  24   2              _nop_();
  25   2              _nop_();
  26   2              _nop_();
  27   2              _nop_();          
  28   2              }       
  29   1      
  30   1      
  31   1      }
  32          
  33          void MCU_Init()
  34          {
  35   1              SYS_REG_MASK = 0xA5;
  36   1              SYS_REG1 = 0x58;         //打开看门狗使能，打开低压复位，打开高速振荡器
  37   1              SYS_REG3 = 0x10;         
  38   1              SYS_REG2 = 0x03;         //高速时钟，空闲模式
  39   1              SYS_REG4 = 0x01;         //PWM用高速时钟
  40   1              LXT_START = 0X00;
  41   1      
  42   1              IE = 0x85;                                      //全局中断，int1(),int0()中断使能
  43   1              IP = 0x01;                                              //int0优先
  44   1              TCON = 0x05;                                    //int0,int1为沿触发     
  45   1                
  46   1              
  47   1      
  48   1              BANDGAP_TEMP = 0x05;
  49   1              LDO2_CTRL = 0X03;
  50   1      
  51   1              
  52   1              PADIR = 0x01;
  53   1              PAPU = 0XFe;
  54   1              PAREG = 0x00;
  55   1      
C51 COMPILER V8.08   MAIN                                                                  08/11/2020 16:17:09 PAGE 2   

  56   1              PCDIR = 0x08;    //红色led等pc3
  57   1              PCPU = 0XF7;
  58   1              PCREG = 0x08;
  59   1              ADPCR = 0X30;
  60   1      
  61   1      
  62   1      
  63   1              PBDIR = 0x08;                   //pb1输出低电平
  64   1              PBPU = ~0x08;                   //pb1不上拉
  65   1              PBREG = 0x00;
  66   1      
  67   1      
  68   1              PWM_PERIOD0L = 0x98;            //pwm周期为3.4KHz   时钟４Ｍ
  69   1              PWM_PERIOD0H = 0x04;
  70   1      //      PWM_PERIOD0L = 0xe2;            //pwm周期为3.2KHz   时钟４Ｍ
  71   1      //      PWM_PERIOD0H = 0x04;                                                       
  72   1              DZ_CTRL = 0x05;                 //pwm0互补输出,全N模式
  73   1              PWM_CTRL = 0x40;                //pwm0装载，连续输出，初始电平为0  
  74   1      
  75   1      
  76   1              WAKEUP_EDGE_REG = 0x42;         //下降沿唤醒
  77   1      
  78   1      
  79   1              IRED_CTRL = 0x09;               //设置发射电流
  80   1              MISC = 0x80;                    //pb6不复用IRED，pa0复用TXD，pa1复用RXD  
  81   1      
  82   1      /******************uart*********************/
  83   1      /*      MISC |= 0x80;   //复用uart口
  84   1              SCON =  0X40;   //方式1,溢出率／３２
  85   1              TTMOD2 = 0x00;  //使用timer1产生波特率，16位计数
  86   1              TMOD = 0x00;    //不分频，４Ｍ
  87   1              TH1 =  0X00;
  88   1              TL1 = 0X0c;             //104ｕｓ，9600ｂｐｓ
  89   1              TTCON = 0x2a;      */
  90   1      /*******************************************/
  91   1      
  92   1      
  93   1              OPA1C0 = 0x23;          //积分增益为８倍
  94   1              OPA1C1 = 0x0c;          //OPA1连接红外接收管
  95   1              OPA1MODE = 0x04;        //设置成开环    
  96   1      
  97   1              LVDC = 0x05;            //2.5V
  98   1              
  99   1      //      TBC = 0xa6;                //TBC开启2s定时
 100   1      //      TBC = 0x08;                //TBC0开启4s定时,TBC1关闭
 101   1      //      TBC = 0X40;
 102   1      //      TBC = 0x84;                //TBC开启0.5s定时
 103   1      //      INTML = 0xf7;      //TBC中断使能
 104   1      //      INTSEL0L = 0x08;   //TBC中断从int0进入  */ 
 105   1               
 106   1              TMR3C = 0X50;           //timer3使用低速时钟,不使能
 107   1              TMR3L = 0X00;
 108   1              TMR3H = 0X06;           //0.125ms*64000=8s
 109   1      //      INTML = 0XDF;           //TIMER23中断开启
 110   1      //      INTMH = 0x0D;       //uart中断使能
 111   1              INTSEL0L = 0X20;        //TIMER23中断选择int0输出  
 112   1      
 113   1              WDCNTM = 0x38;
 114   1              WDCNTH = 0x01;          //8K时钟，10s钟
 115   1              WDCON = 0x00;           //关闭看门狗
 116   1              WDCON |= 0x10;
 117   1              
C51 COMPILER V8.08   MAIN                                                                  08/11/2020 16:17:09 PAGE 3   

 118   1              ADPCR |= 0x08;       //PB6为AN3输入
 119   1              ADCR = 0x60;  //开ADC
 120   1      //      ADCR = 0x40;  //不开ADC
 121   1      //      BANDGAP_TEMP |= 0x02; //打开温度传感器
 122   1      //      LDOC=0X66;      //LDO 2.4v      
 123   1      
 124   1      
 125   1              delay_20us(250);   
 126   1              
 127   1      }
 128          
 129          
 130          
 131          void delay_20us(unsigned char N)
 132          {
 133   1          unsigned char i;
 134   1          while(N--)     //6cycle
 135   1          {
 136   2              for(i=5;i>0;i--);
 137   2          }
 138   1      
 139   1      }
 140          
 141          
 142          
 143          
 144          


MODULE INFORMATION:   STATIC OVERLAYABLE
   CODE SIZE        =    231    ----
   CONSTANT SIZE    =   ----    ----
   XDATA SIZE       =   ----    ----
   PDATA SIZE       =   ----    ----
   DATA SIZE        =   ----    ----
   IDATA SIZE       =   ----    ----
   BIT SIZE         =   ----    ----
END OF MODULE INFORMATION.


C51 COMPILATION COMPLETE.  0 WARNING(S),  0 ERROR(S)
