C51 COMPILER V8.08   MAIN                                                                  09/07/2020 09:55:54 PAGE 1   


C51 COMPILER V8.08, COMPILATION OF MODULE MAIN
OBJECT MODULE PLACED IN main.OBJ
COMPILER INVOKED BY: C:\Keil\C51\BIN\C51.EXE main.c BROWSE DEBUG OBJECTEXTEND

line level    source

   1          #include "DP80390CPU.H"
   2          #include "common.h"
   3          #include "register.h"
   4          #include "intrins.h"
   5          
   6          
   7          #define LED_ON()        PCREG &= ~0x08
   8          #define LED_OFF()       PCREG |= 0x08
   9          
  10          unsigned char IRED_STEP;
  11          
  12          void delay_20us(unsigned char N);
  13          void MCU_Init();
  14          
  15          void main()
  16          {
  17   1              unsigned char i;
  18   1              MCU_Init();
  19   1              
  20   1              IRED_STEP = 0x00;
  21   1      
  22   1              while(1)
  23   1              {
  24   2      //              IRED_CTRL = IRED_STEP;
  25   2      
  26   2                  IRED_CTRL |= 0x20;  //IRED使能 
  27   2                      delay_20us(6);
  28   2              IRED_CTRL &= ~0x20;     //IRED关闭
  29   2                      
  30   2                      for (i=0;i<200;i++)
  31   2                              delay_20us(250);
  32   2                      for (i=0;i<200;i++)
  33   2                              delay_20us(250);
  34   2                      for (i=0;i<200;i++)
  35   2                              delay_20us(250);
  36   2                      for (i=0;i<200;i++)
  37   2                              delay_20us(250);
  38   2                              /*
  39   2                      for (i=0;i<200;i++)
  40   2                              delay_20us(250);
  41   2                      for (i=0;i<200;i++)
  42   2                              delay_20us(250);
  43   2                      for (i=0;i<200;i++)
  44   2                              delay_20us(250);
  45   2                      for (i=0;i<200;i++)
  46   2                              delay_20us(250);
  47   2                      for (i=0;i<200;i++)
  48   2                              delay_20us(250);
  49   2                      for (i=0;i<200;i++)
  50   2                              delay_20us(250);
  51   2                                */
  52   2      //              IRED_STEP++;                      
  53   2              }       
  54   1      
  55   1      
C51 COMPILER V8.08   MAIN                                                                  09/07/2020 09:55:54 PAGE 2   

  56   1      }
  57          
  58          void MCU_Init()
  59          {
  60   1              SYS_REG_MASK = 0xA5;
  61   1              SYS_REG1 = 0x58;         //打开看门狗使能，打开低压复位，打开高速振荡器
  62   1              SYS_REG3 = 0x10;                
  63   1      //      SYS_REG2 = 0xC2;         //高速时钟4分频，空闲模式              
  64   1      //      SYS_REG4 = 0x0c;         //PWM用高速时钟4分频
  65   1              SYS_REG2 = 0x03;         //高速时钟，空闲模式
  66   1              SYS_REG4 = 0x01;         //PWM用高速时钟
  67   1              LXT_START = 0X00;
  68   1      
  69   1              IE = 0x85;                                      //全局中断，int1(),int0()中断使能
  70   1              IP = 0x01;                                              //int0优先
  71   1              TCON = 0x05;                                    //int0,int1为沿触发     
  72   1                
  73   1              
  74   1      
  75   1              BANDGAP_TEMP = 0x05;
  76   1              LDO2_CTRL = 0X03;
  77   1      
  78   1              
  79   1              PADIR = 0x01;
  80   1              PAPU = 0XFe;
  81   1              PAREG = 0x00;
  82   1      
  83   1              PCDIR = 0x08;    //红色led等pc3
  84   1              PCPU = 0XF7;
  85   1              PCREG = 0x08;
  86   1              ADPCR = 0X30;
  87   1      
  88   1              PBDIR = 0x08;                   //pb3输出低电平
  89   1              PBPU = ~0x08;                   //pb3不上拉
  90   1              PBREG = 0x00;
  91   1      
  92   1              PWM_PERIOD0L = 0x98;            //pwm周期为3.4KHz   时钟４Ｍ
  93   1              PWM_PERIOD0H = 0x04;
  94   1      //      PWM_PERIOD0L = 0xe2;            //pwm周期为3.2KHz   时钟４Ｍ
  95   1      //      PWM_PERIOD0H = 0x04;                                                       
  96   1              DZ_CTRL = 0x05;                 //pwm0互补输出,全N模式
  97   1              PWM_CTRL = 0x40;                //pwm0装载，连续输出，初始电平为0  
  98   1      
  99   1              WAKEUP_EDGE_REG = 0x42;         //下降沿唤醒
 100   1      
 101   1      
 102   1              IRED_CTRL = 0x4f;               //设置发射电流
 103   1              MISC = 0x40;                    //pb6复用IRED  
 104   1      
 105   1      /******************uart*********************/
 106   1      /*      MISC |= 0x80;   //复用uart口
 107   1              SCON =  0X40;   //方式1,溢出率／３２
 108   1              TTMOD2 = 0x00;  //使用timer1产生波特率，16位计数
 109   1              TMOD = 0x00;    //不分频，４Ｍ
 110   1              TH1 =  0X00;
 111   1              TL1 = 0X0c;             //104ｕｓ，9600ｂｐｓ
 112   1              TTCON = 0x2a;      */
 113   1      /*******************************************/
 114   1      
 115   1      
 116   1              OPA1C0 = 0x23;          //积分增益为８倍
 117   1              OPA1C1 = 0x0c;          //OPA1连接红外接收管
C51 COMPILER V8.08   MAIN                                                                  09/07/2020 09:55:54 PAGE 3   

 118   1              OPA1MODE = 0x04;        //设置成开环    
 119   1      
 120   1              LVDC = 0x05;            //2.5V
 121   1              
 122   1      //      TBC = 0xa6;                //TBC开启2s定时
 123   1      //      TBC = 0x08;                //TBC0开启4s定时,TBC1关闭
 124   1      //      TBC = 0X40;
 125   1      //      TBC = 0x84;                //TBC开启0.5s定时
 126   1      //      INTML = 0xf7;      //TBC中断使能
 127   1      //      INTSEL0L = 0x08;   //TBC中断从int0进入  */ 
 128   1               
 129   1              TMR3C = 0X58;           //timer3使用低速时钟,并使能
 130   1              TMR3L = 0X00;
 131   1              TMR3H = 0X06;           //0.125ms*64000=8s
 132   1      //      INTML = 0XDF;           //TIMER23中断开启
 133   1              INTSEL0L = 0X20;        //TIMER23中断选择int0输出        
 134   1      
 135   1              WDCNTM = 0x38;
 136   1              WDCNTH = 0x01;          //8K时钟，10s钟
 137   1      //      WDCON = 0x28;           //开启看门狗复位功能
 138   1              WDCON |= 0x10;  
 139   1      
 140   1      
 141   1              delay_20us(250);   
 142   1              
 143   1      }
 144          
 145          void delay_20us(unsigned char N)
 146          {
 147   1          unsigned char i;
 148   1          while(N--)     //6cycle
 149   1          {
 150   2              for(i=5;i>0;i--);
 151   2          }
 152   1      
 153   1      }
 154          
 155          


MODULE INFORMATION:   STATIC OVERLAYABLE
   CODE SIZE        =    298    ----
   CONSTANT SIZE    =   ----    ----
   XDATA SIZE       =   ----    ----
   PDATA SIZE       =   ----    ----
   DATA SIZE        =      1       1
   IDATA SIZE       =   ----    ----
   BIT SIZE         =   ----    ----
END OF MODULE INFORMATION.


C51 COMPILATION COMPLETE.  0 WARNING(S),  0 ERROR(S)
